<?xml version="1.0" encoding="UTF-8"?>
<testsuite name="com.h0tk3y.spbsu.kotlin.course.lesson1.Test" tests="1" skipped="0" failures="0" errors="0" timestamp="2021-09-19T11:50:35" hostname="anton-G3-3590" time="0.005">
  <properties/>
  <testcase name="testSolutionNoUsername" classname="com.h0tk3y.spbsu.kotlin.course.lesson1.Test" time="0.005"/>
  <system-out><![CDATA[]]></system-out>
  <system-err><![CDATA[]]></system-err>
</testsuite>
