<?xml version="1.0" encoding="UTF-8"?>
<testsuite name="LRUCacheTest" tests="6" skipped="0" failures="0" errors="0" timestamp="2022-10-23T16:55:50" hostname="DESKTOP-PGG87DQ" time="0.066">
  <properties/>
  <testcase name="testGetNullKey()" classname="LRUCacheTest" time="0.032"/>
  <testcase name="testAddNullKey()" classname="LRUCacheTest" time="0.001"/>
  <testcase name="testManyElements()" classname="LRUCacheTest" time="0.006"/>
  <testcase name="testManyElementsWhenElementMoreThenSize()" classname="LRUCacheTest" time="0.02"/>
  <testcase name="testOneElement()" classname="LRUCacheTest" time="0.001"/>
  <testcase name="testAddNullValue()" classname="LRUCacheTest" time="0.001"/>
  <system-out><![CDATA[]]></system-out>
  <system-err><![CDATA[]]></system-err>
</testsuite>
