<?xml version="1.0" encoding="UTF-8"?>
<testsuite name="com.h0tk3y.spbsu.kotlin.course.lesson1.Test" tests="3" skipped="0" failures="0" errors="0" timestamp="2021-09-18T15:40:04" hostname="anton-G3-3590" time="0.017">
  <properties/>
  <testcase name="testGreet" classname="com.h0tk3y.spbsu.kotlin.course.lesson1.Test" time="0.016"/>
  <testcase name="testSolutionNoUsername" classname="com.h0tk3y.spbsu.kotlin.course.lesson1.Test" time="0.0"/>
  <testcase name="testSolutionWithArgs" classname="com.h0tk3y.spbsu.kotlin.course.lesson1.Test" time="0.0"/>
  <system-out><![CDATA[]]></system-out>
  <system-err><![CDATA[]]></system-err>
</testsuite>
